native/build/outputs/logs/manifest-merger-_2908-debug-report.txt
-- Merging decision tree log ---
manifest
ADDED from src\main\AndroidManifest.xml:2:1-88:12
	package
		ADDED from src\main\AndroidManifest.xml:3:5-36
		INJECTED from src\main\AndroidManifest.xml
		INJECTED from src\main\AndroidManifest.xml
	android:versionName
		INJECTED from src\main\AndroidManifest.xml
		INJECTED from src\main\AndroidManifest.xml
	xmlns:android
		ADDED from src\main\AndroidManifest.xml:2:11-69
	android:versionCode
		INJECTED from src\main\AndroidManifest.xml
		INJECTED from src\main\AndroidManifest.xml
uses-permission#android.permission.INTERNET
ADDED from src\main\AndroidManifest.xml:4:5-67
	android:name
		ADDED from src\main\AndroidManifest.xml:4:22-64
uses-permission#android.permission.WRITE_SMS
ADDED from src\main\AndroidManifest.xml:5:5-68
	android:name
		ADDED from src\main\AndroidManifest.xml:5:22-65
uses-permission#android.permission.READ_SMS
ADDED from src\main\AndroidManifest.xml:6:5-67
	android:name
		ADDED from src\main\AndroidManifest.xml:6:22-64
uses-permission#android.permission.SEND_SMS
ADDED from src\main\AndroidManifest.xml:7:5-67
	android:name
		ADDED from src\main\AndroidManifest.xml:7:22-64
uses-permission#android.permission.RECEIVE_SMS
ADDED from src\main\AndroidManifest.xml:8:5-70
	android:name
		ADDED from src\main\AndroidManifest.xml:8:22-67
uses-permission#android.permission.READ_PHONE_STATE
ADDED from src\main\AndroidManifest.xml:9:5-75
	android:name
		ADDED from src\main\AndroidManifest.xml:9:22-72
uses-permission#android.permission.SYSTEM_ALERT_WINDOW
ADDED from src\main\AndroidManifest.xml:10:5-78
	android:name
		ADDED from src\main\AndroidManifest.xml:10:22-75
uses-permission#android.permission.WRITE_EXTERNAL_STORAGE
ADDED from src\main\AndroidManifest.xml:11:5-80
	android:name
		ADDED from src\main\AndroidManifest.xml:11:22-78
uses-permission#android.permission.READ_EXTERNAL_STORAGE
ADDED from src\main\AndroidManifest.xml:12:5-79
	android:name
		ADDED from src\main\AndroidManifest.xml:12:22-77
uses-permission#android.permission.KILL_BACKGROUND_PROCESSES
ADDED from src\main\AndroidManifest.xml:13:5-83
	android:name
		ADDED from src\main\AndroidManifest.xml:13:22-81
uses-permission#android.permission.ACCESS_NETWORK_STATE
ADDED from src\main\AndroidManifest.xml:14:5-78
	android:name
		ADDED from src\main\AndroidManifest.xml:14:22-76
uses-permission#android.permission.ACCESS_WIFI_STATE
ADDED from src\main\AndroidManifest.xml:15:5-75
	android:name
		ADDED from src\main\AndroidManifest.xml:15:22-73
application
ADDED from src\main\AndroidManifest.xml:16:5-86:19
MERGED from [com.android.support:appcompat-v7:22.1.0] AndroidManifest.xml:22:5-20
MERGED from [com.android.support:support-v4:22.1.0] AndroidManifest.xml:22:5-20
	android:label
		ADDED from src\main\AndroidManifest.xml:20:9-41
	android:supportsRtl
		ADDED from src\main\AndroidManifest.xml:21:9-35
	android:allowBackup
		ADDED from src\main\AndroidManifest.xml:18:9-35
	android:icon
		ADDED from src\main\AndroidManifest.xml:19:9-38
	android:theme
		ADDED from src\main\AndroidManifest.xml:22:9-62
	android:name
		ADDED from src\main\AndroidManifest.xml:17:9-43
activity#com.chile.nativevideo.MainActivity
ADDED from src\main\AndroidManifest.xml:23:9-31:20
	android:theme
		ADDED from src\main\AndroidManifest.xml:24:13-52
	android:name
		ADDED from src\main\AndroidManifest.xml:23:19-47
intent-filter#android.intent.action.MAIN+android.intent.category.LAUNCHER
ADDED from src\main\AndroidManifest.xml:26:13-30:29
action#android.intent.action.MAIN
ADDED from src\main\AndroidManifest.xml:27:17-69
	android:name
		ADDED from src\main\AndroidManifest.xml:27:25-66
category#android.intent.category.LAUNCHER
ADDED from src\main\AndroidManifest.xml:29:17-77
	android:name
		ADDED from src\main\AndroidManifest.xml:29:27-74
activity#cn.cmvideo.sdk.common.component.CmVideoBrowser
ADDED from src\main\AndroidManifest.xml:40:9-45:20
	android:exported
		ADDED from src\main\AndroidManifest.xml:43:13-37
	android:windowSoftInputMode
		ADDED from src\main\AndroidManifest.xml:44:13-55
	android:configChanges
		ADDED from src\main\AndroidManifest.xml:42:13-63
	android:name
		ADDED from src\main\AndroidManifest.xml:41:13-74
activity#com.chile.nativevideo.Player
ADDED from src\main\AndroidManifest.xml:46:9-51:20
	android:exported
		ADDED from src\main\AndroidManifest.xml:49:13-37
	android:windowSoftInputMode
		ADDED from src\main\AndroidManifest.xml:50:13-55
	android:configChanges
		ADDED from src\main\AndroidManifest.xml:48:13-63
	android:name
		ADDED from src\main\AndroidManifest.xml:47:13-35
service#com.migu.sdk.service.MiguSdkService
ADDED from src\main\AndroidManifest.xml:53:9-71
	android:name
		ADDED from src\main\AndroidManifest.xml:53:18-68
service#cn.cmvideo.sdk.common.service.SendService
ADDED from src\main\AndroidManifest.xml:54:9-77
	android:name
		ADDED from src\main\AndroidManifest.xml:54:18-74
receiver#com.akazam.sdk.RepeatBroadcast
ADDED from src\main\AndroidManifest.xml:57:9-61:20
	android:name
		ADDED from src\main\AndroidManifest.xml:57:19-64
intent-filter#akazam.report.broadcast
ADDED from src\main\AndroidManifest.xml:58:13-60:29
action#akazam.report.broadcast
ADDED from src\main\AndroidManifest.xml:59:17-66
	android:name
		ADDED from src\main\AndroidManifest.xml:59:25-63
meta-data#data_Name
ADDED from src\main\AndroidManifest.xml:65:9-94
	android:value
		ADDED from src\main\AndroidManifest.xml:65:20-56
	android:name
		ADDED from src\main\AndroidManifest.xml:65:57-81
meta-data#CP_ID
ADDED from src\main\AndroidManifest.xml:67:9-69:45
	android:value
		ADDED from src\main\AndroidManifest.xml:69:13-43
		INJECTED from src\main\AndroidManifest.xml
	android:name
		ADDED from src\main\AndroidManifest.xml:68:13-33
meta-data#CP_PASSWORD
ADDED from src\main\AndroidManifest.xml:70:9-72:51
	android:value
		ADDED from src\main\AndroidManifest.xml:72:13-49
		INJECTED from src\main\AndroidManifest.xml
	android:name
		ADDED from src\main\AndroidManifest.xml:71:13-39
meta-data#CP_PAYKEY
ADDED from src\main\AndroidManifest.xml:74:9-76:49
	android:value
		ADDED from src\main\AndroidManifest.xml:76:13-47
		INJECTED from src\main\AndroidManifest.xml
	android:name
		ADDED from src\main\AndroidManifest.xml:75:13-37
activity#com.chile.nativevideo.activity.PlayHistoryActivity
ADDED from src\main\AndroidManifest.xml:77:9-65
	android:name
		ADDED from src\main\AndroidManifest.xml:77:19-63
activity#com.chile.nativevideo.activity.SearchActivity
ADDED from src\main\AndroidManifest.xml:78:9-60
	android:name
		ADDED from src\main\AndroidManifest.xml:78:19-58
activity#com.chile.nativevideo.activity.FeedBackActivity
ADDED from src\main\AndroidManifest.xml:79:9-62
	android:name
		ADDED from src\main\AndroidManifest.xml:79:19-60
activity#com.chile.nativevideo.activity.AboutUsActivity
ADDED from src\main\AndroidManifest.xml:80:9-61
	android:name
		ADDED from src\main\AndroidManifest.xml:80:19-59
activity#com.chile.nativevideo.activity.SettingActivity
ADDED from src\main\AndroidManifest.xml:81:9-61
	android:name
		ADDED from src\main\AndroidManifest.xml:81:19-59
activity#com.chile.nativevideo.activity.CollectionActivity
ADDED from src\main\AndroidManifest.xml:82:9-64
	android:name
		ADDED from src\main\AndroidManifest.xml:82:19-62
activity#com.chile.nativevideo.activity.PlayActivity
ADDED from src\main\AndroidManifest.xml:83:9-58
	android:name
		ADDED from src\main\AndroidManifest.xml:83:19-56
activity#com.chile.nativevideo.activity.PayActivity
ADDED from src\main\AndroidManifest.xml:84:9-57
	android:name
		ADDED from src\main\AndroidManifest.xml:84:19-55
activity#com.chile.nativevideo.activity.VideoMourActivity
ADDED from src\main\AndroidManifest.xml:85:9-63
	android:name
		ADDED from src\main\AndroidManifest.xml:85:19-61
uses-sdk
INJECTED from src\main\AndroidManifest.xml reason: use-sdk injection requested
MERGED from [com.android.support:appcompat-v7:22.1.0] AndroidManifest.xml:20:5-43
MERGED from [com.android.support:support-v4:22.1.0] AndroidManifest.xml:20:5-43
	android:targetSdkVersion
		INJECTED from src\main\AndroidManifest.xml
		INJECTED from src\main\AndroidManifest.xml
	android:minSdkVersion
		INJECTED from src\main\AndroidManifest.xml
		INJECTED from src\main\AndroidManifest.xml